<?xml version="1.0" encoding="UTF-8"?>
<testng-results ignored="0" total="1" passed="1" failed="0" skipped="0">
  <reporter-output>
  </reporter-output>
  <suite started-at="2024-04-20T16:47:16Z" name="Default suite" finished-at="2024-04-20T16:47:21Z" duration-ms="5278">
    <groups>
    </groups>
    <test started-at="2024-04-20T16:47:16Z" name="Default test" finished-at="2024-04-20T16:47:21Z" duration-ms="5278">
      <class name="pruebang.seltest">
        <test-method signature="test01()[pri:0, instance:pruebang.seltest@37e4d7bb]" started-at="2024-04-20T10:47:16Z" name="test01" finished-at="2024-04-20T10:47:21Z" duration-ms="5248" status="PASS">
          <reporter-output>
          </reporter-output>
        </test-method> <!-- test01 -->
      </class> <!-- pruebang.seltest -->
    </test> <!-- Default test -->
  </suite> <!-- Default suite -->
</testng-results>
